<?xml version="1.0" encoding="UTF-8"?>
<!-- Generated by org.testng.reporters.JUnitReportReporter -->
<testsuite skipped="0" hostname="Shai-Vostro" name="excecute.com.Exceuter" tests="1" failures="0" timestamp="26 Aug 2019 18:03:57 GMT" time="79.546" errors="0">
  <testcase name="spotifyInput" time="79.546" classname="excecute.com.Exceuter"/>
</testsuite> <!-- excecute.com.Exceuter -->
